d:\tplpms\tplpms\debug\tplpms.pch
d:\tplpms\tplpms\debug\vc142.pdb
d:\tplpms\tplpms\debug\vc142.idb
d:\tplpms\tplpms\debug\pch.obj
d:\tplpms\tplpms\debug\tplpmsdlg.obj
d:\tplpms\tplpms\debug\tplpms.obj
d:\tplpms\tplpms\debug\adminw.obj
d:\tplpms\tplpms\debug\paymentw.obj
d:\tplpms\debug\tplpms.exe
d:\tplpms\tplpms\debug\tplpms.ilk
d:\tplpms\debug\tplpms.pdb
d:\tplpms\tplpms\debug\tplpms.res
d:\tplpms\tplpms\debug\msado15.tli
d:\tplpms\tplpms\debug\msado15.tlh
d:\tplpms\tplpms\debug\tplpms.tlog\cl.command.1.tlog
d:\tplpms\tplpms\debug\tplpms.tlog\cl.read.1.tlog
d:\tplpms\tplpms\debug\tplpms.tlog\cl.write.1.tlog
d:\tplpms\tplpms\debug\tplpms.tlog\link.command.1.tlog
d:\tplpms\tplpms\debug\tplpms.tlog\link.read.1.tlog
d:\tplpms\tplpms\debug\tplpms.tlog\link.write.1.tlog
d:\tplpms\tplpms\debug\tplpms.tlog\rc.command.1.tlog
d:\tplpms\tplpms\debug\tplpms.tlog\rc.read.1.tlog
d:\tplpms\tplpms\debug\tplpms.tlog\rc.write.1.tlog
